<?xml version="1.0" encoding="UTF-8"?>
<!-- Generated by org.testng.reporters.JUnitXMLReporter -->
<testsuite ignored="0" hostname="LAPTOP-INRTGG3N" failures="0" tests="3" name="TS01_Demo1" time="20.11" errors="0" timestamp="2024-09-21T19:03:52 IST">
  <testcase classname="com.Automationexercise.test.TS01_Demo1" name="initializePageFactory" time="0.033"/>
  <testcase classname="com.Automationexercise.test.TS01_Demo1" name="test1" time="15.55"/>
  <testcase classname="com.Automationexercise.test.TS01_Demo1" name="cart" time="4.018"/>
</testsuite> <!-- TS01_Demo1 -->
