<?xml version="1.0" encoding="UTF-8"?>
<testng-results ignored="0" total="3" passed="3" failed="0" skipped="0">
  <reporter-output>
  </reporter-output>
  <suite started-at="2024-09-21T19:03:31 IST" name="TS01_Demo1" finished-at="2024-09-21T19:03:52 IST" duration-ms="20110">
    <groups>
    </groups>
    <test started-at="2024-09-21T19:03:31 IST" name="TS01_Demo1" finished-at="2024-09-21T19:03:52 IST" duration-ms="20110">
      <class name="com.Automationexercise.test.TS01_Demo1">
        <test-method signature="initializePageFactory()[pri:0, instance:com.Automationexercise.test.TS01_Demo1@4082ba93]" started-at="2024-09-21T19:03:32 IST" name="initializePageFactory" finished-at="2024-09-21T19:03:32 IST" duration-ms="33" status="PASS">
          <reporter-output>
          </reporter-output>
        </test-method> <!-- initializePageFactory -->
        <test-method signature="test1()[pri:0, instance:com.Automationexercise.test.TS01_Demo1@4082ba93]" started-at="2024-09-21T19:03:32 IST" name="test1" finished-at="2024-09-21T19:03:47 IST" duration-ms="15550" status="PASS">
          <reporter-output>
          </reporter-output>
        </test-method> <!-- test1 -->
        <test-method signature="cart()[pri:0, instance:com.Automationexercise.test.TS01_Demo1@4082ba93]" started-at="2024-09-21T19:03:47 IST" name="cart" finished-at="2024-09-21T19:03:51 IST" duration-ms="4018" status="PASS">
          <reporter-output>
          </reporter-output>
        </test-method> <!-- cart -->
        <test-method is-config="true" signature="tearDown()[pri:0, instance:com.Automationexercise.test.TS01_Demo1@4082ba93]" started-at="2024-09-21T19:03:51 IST" name="tearDown" finished-at="2024-09-21T19:03:52 IST" duration-ms="437" status="PASS">
          <reporter-output>
          </reporter-output>
        </test-method> <!-- tearDown -->
      </class> <!-- com.Automationexercise.test.TS01_Demo1 -->
    </test> <!-- TS01_Demo1 -->
  </suite> <!-- TS01_Demo1 -->
</testng-results>
